mode: set
github.com/Gaussgeek/bookings/internal/render/render.go:23.40,25.2 1 1
github.com/Gaussgeek/bookings/internal/render/render.go:27.84,33.2 5 1
github.com/Gaussgeek/bookings/internal/render/render.go:36.105,39.18 2 1
github.com/Gaussgeek/bookings/internal/render/render.go:46.2,47.9 2 1
github.com/Gaussgeek/bookings/internal/render/render.go:52.2,57.16 4 1
github.com/Gaussgeek/bookings/internal/render/render.go:61.2,62.16 2 1
github.com/Gaussgeek/bookings/internal/render/render.go:66.2,66.12 1 1
github.com/Gaussgeek/bookings/internal/render/render.go:39.18,42.3 1 0
github.com/Gaussgeek/bookings/internal/render/render.go:42.8,44.3 1 1
github.com/Gaussgeek/bookings/internal/render/render.go:47.9,50.3 1 1
github.com/Gaussgeek/bookings/internal/render/render.go:57.16,59.3 1 0
github.com/Gaussgeek/bookings/internal/render/render.go:62.16,65.3 2 0
github.com/Gaussgeek/bookings/internal/render/render.go:70.67,75.16 3 1
github.com/Gaussgeek/bookings/internal/render/render.go:79.2,79.29 1 1
github.com/Gaussgeek/bookings/internal/render/render.go:101.2,101.21 1 1
github.com/Gaussgeek/bookings/internal/render/render.go:75.16,77.3 1 0
github.com/Gaussgeek/bookings/internal/render/render.go:79.29,82.17 3 1
github.com/Gaussgeek/bookings/internal/render/render.go:86.3,87.17 2 1
github.com/Gaussgeek/bookings/internal/render/render.go:91.3,91.23 1 1
github.com/Gaussgeek/bookings/internal/render/render.go:98.3,98.21 1 1
github.com/Gaussgeek/bookings/internal/render/render.go:82.17,84.4 1 0
github.com/Gaussgeek/bookings/internal/render/render.go:87.17,89.4 1 0
github.com/Gaussgeek/bookings/internal/render/render.go:91.23,93.18 2 1
github.com/Gaussgeek/bookings/internal/render/render.go:93.18,95.5 1 0
