mode: set
github.com/Gaussgeek/bookings/internal/handlers/handlers.go:23.47,27.2 1 1
github.com/Gaussgeek/bookings/internal/handlers/handlers.go:30.33,32.2 1 1
github.com/Gaussgeek/bookings/internal/handlers/handlers.go:35.67,40.2 3 1
github.com/Gaussgeek/bookings/internal/handlers/handlers.go:43.68,55.2 5 1
github.com/Gaussgeek/bookings/internal/handlers/handlers.go:58.74,67.2 4 1
github.com/Gaussgeek/bookings/internal/handlers/handlers.go:70.78,72.16 2 1
github.com/Gaussgeek/bookings/internal/handlers/handlers.go:77.2,90.19 6 1
github.com/Gaussgeek/bookings/internal/handlers/handlers.go:101.2,103.67 2 1
github.com/Gaussgeek/bookings/internal/handlers/handlers.go:72.16,75.3 2 0
github.com/Gaussgeek/bookings/internal/handlers/handlers.go:90.19,99.3 4 0
github.com/Gaussgeek/bookings/internal/handlers/handlers.go:108.75,110.2 1 1
github.com/Gaussgeek/bookings/internal/handlers/handlers.go:113.71,115.2 1 1
github.com/Gaussgeek/bookings/internal/handlers/handlers.go:118.75,120.2 1 1
github.com/Gaussgeek/bookings/internal/handlers/handlers.go:123.79,127.2 3 1
github.com/Gaussgeek/bookings/internal/handlers/handlers.go:135.79,141.16 3 1
github.com/Gaussgeek/bookings/internal/handlers/handlers.go:145.2,147.14 3 1
github.com/Gaussgeek/bookings/internal/handlers/handlers.go:141.16,143.3 1 0
github.com/Gaussgeek/bookings/internal/handlers/handlers.go:151.70,153.2 1 1
github.com/Gaussgeek/bookings/internal/handlers/handlers.go:155.81,157.9 2 1
github.com/Gaussgeek/bookings/internal/handlers/handlers.go:164.2,171.4 4 0
github.com/Gaussgeek/bookings/internal/handlers/handlers.go:157.9,162.3 4 1
